2023-12-30 00:36:52 — INFO — Running with edr=0.13.2
2023-12-30 00:36:53 — INFO — Running dbt --log-format json deps --project-dir C:\Users\ravi.kumar\Desktop\Project\dbt_project\dbt\Lib\site-packages\elementary\monitor\dbt_project
2023-12-30 00:37:09 — DEBUG — Result bytes size for command '['dbt', '--log-format', 'json', 'deps', '--project-dir', 'C:\\Users\\ravi.kumar\\Desktop\\Project\\dbt_project\\dbt\\Lib\\site-packages\\elementary\\monitor\\dbt_project']' is 3573
2023-12-30 00:37:09 — INFO — Running with dbt=1.7.4
2023-12-30 00:37:09 — INFO — Updating lock file in file path: C:\Users\ravi.kumar\Desktop\Project\dbt_project\dbt\Lib\site-packages\elementary\monitor\dbt_project/package-lock.yml
2023-12-30 00:37:09 — INFO — Installing dbt-labs/dbt_utils
2023-12-30 00:37:09 — INFO — Installed from version 0.8.6
2023-12-30 00:37:09 — INFO — Updated version available: 1.1.1
2023-12-30 00:37:09 — INFO — Installing elementary-data/elementary
2023-12-30 00:37:09 — INFO — Installed from version 0.13.0
2023-12-30 00:37:09 — INFO — Updated version available: 0.13.1
2023-12-30 00:37:09 — INFO — 
2023-12-30 00:37:09 — INFO — Updates available for packages: ['dbt-labs/dbt_utils', 'elementary-data/elementary']                 
Update your versions in packages.yml, then run dbt deps
2023-12-30 00:37:09 — DEBUG — Running dbt --log-format json run-operation elementary.log_macro_results --args {"macro_name": "elementary_cli.get_latest_invocation", "macro_args": {}} --project-dir C:\Users\ravi.kumar\Desktop\Project\dbt_project\dbt\Lib\site-packages\elementary\monitor\dbt_project
2023-12-30 00:37:33 — DEBUG — Result bytes size for command '['dbt', '--log-format', 'json', 'run-operation', 'elementary.log_macro_results', '--args', '{"macro_name": "elementary_cli.get_latest_invocation", "macro_args": {}}', '--project-dir', 'C:\\Users\\ravi.kumar\\Desktop\\Project\\dbt_project\\dbt\\Lib\\site-packages\\elementary\\monitor\\dbt_project']' is 4438
2023-12-30 00:37:33 — DEBUG — Running dbt --log-format json run-operation elementary.log_macro_results --args {"macro_name": "elementary_cli.get_adapter_type_and_unique_id", "macro_args": {}} --project-dir C:\Users\ravi.kumar\Desktop\Project\dbt_project\dbt\Lib\site-packages\elementary\monitor\dbt_project
2023-12-30 00:37:43 — DEBUG — Result bytes size for command '['dbt', '--log-format', 'json', 'run-operation', 'elementary.log_macro_results', '--args', '{"macro_name": "elementary_cli.get_adapter_type_and_unique_id", "macro_args": {}}', '--project-dir', 'C:\\Users\\ravi.kumar\\Desktop\\Project\\dbt_project\\dbt\\Lib\\site-packages\\elementary\\monitor\\dbt_project']' is 1904
2023-12-30 00:37:43 — INFO — edr (0.13.2) and Elementary's dbt package (0.13.1) are compatible.
2023-12-30 00:37:43 — DEBUG — Running dbt --log-format json run-operation elementary.log_macro_results --args {"macro_name": "elementary_cli.get_elementary_database_and_schema", "macro_args": {}} --project-dir C:\Users\ravi.kumar\Desktop\Project\dbt_project\dbt\Lib\site-packages\elementary\monitor\dbt_project
2023-12-30 00:37:54 — DEBUG — Result bytes size for command '['dbt', '--log-format', 'json', 'run-operation', 'elementary.log_macro_results', '--args', '{"macro_name": "elementary_cli.get_elementary_database_and_schema", "macro_args": {}}', '--project-dir', 'C:\\Users\\ravi.kumar\\Desktop\\Project\\dbt_project\\dbt\\Lib\\site-packages\\elementary\\monitor\\dbt_project']' is 1850
2023-12-30 00:37:54 — INFO — Elementary's database and schema: '"DBT_TEST.dbo"'
2023-12-30 00:37:54 — INFO — Running dbt --log-format json run-operation elementary.log_macro_results --args {"macro_name": "elementary_cli.get_test_results", "macro_args": {"days_back": 7, "invocations_per_test": 720, "disable_passed_test_metrics": false}} --project-dir C:\Users\ravi.kumar\Desktop\Project\dbt_project\dbt\Lib\site-packages\elementary\monitor\dbt_project
2023-12-30 00:38:08 — DEBUG — Result bytes size for command '['dbt', '--log-format', 'json', 'run-operation', 'elementary.log_macro_results', '--args', '{"macro_name": "elementary_cli.get_test_results", "macro_args": {"days_back": 7, "invocations_per_test": 720, "disable_passed_test_metrics": false}}', '--project-dir', 'C:\\Users\\ravi.kumar\\Desktop\\Project\\dbt_project\\dbt\\Lib\\site-packages\\elementary\\monitor\\dbt_project']' is 1822
2023-12-30 00:38:08 — INFO — Running dbt --log-format json run-operation elementary.log_macro_results --args {"macro_name": "elementary_cli.get_source_freshness_results", "macro_args": {"days_back": 7, "invocations_per_test": 720}} --project-dir C:\Users\ravi.kumar\Desktop\Project\dbt_project\dbt\Lib\site-packages\elementary\monitor\dbt_project
2023-12-30 00:38:22 — DEBUG — Result bytes size for command '['dbt', '--log-format', 'json', 'run-operation', 'elementary.log_macro_results', '--args', '{"macro_name": "elementary_cli.get_source_freshness_results", "macro_args": {"days_back": 7, "invocations_per_test": 720}}', '--project-dir', 'C:\\Users\\ravi.kumar\\Desktop\\Project\\dbt_project\\dbt\\Lib\\site-packages\\elementary\\monitor\\dbt_project']' is 1822
2023-12-30 00:38:22 — INFO — Running dbt --log-format json run-operation elementary.log_macro_results --args {"macro_name": "elementary_cli.get_models", "macro_args": {"exclude_elementary": true}} --project-dir C:\Users\ravi.kumar\Desktop\Project\dbt_project\dbt\Lib\site-packages\elementary\monitor\dbt_project
2023-12-30 00:38:35 — DEBUG — Result bytes size for command '['dbt', '--log-format', 'json', 'run-operation', 'elementary.log_macro_results', '--args', '{"macro_name": "elementary_cli.get_models", "macro_args": {"exclude_elementary": true}}', '--project-dir', 'C:\\Users\\ravi.kumar\\Desktop\\Project\\dbt_project\\dbt\\Lib\\site-packages\\elementary\\monitor\\dbt_project']' is 8457
2023-12-30 00:38:35 — INFO — Running dbt --log-format json run-operation elementary.log_macro_results --args {"macro_name": "elementary_cli.get_sources", "macro_args": {}} --project-dir C:\Users\ravi.kumar\Desktop\Project\dbt_project\dbt\Lib\site-packages\elementary\monitor\dbt_project
2023-12-30 00:38:49 — DEBUG — Result bytes size for command '['dbt', '--log-format', 'json', 'run-operation', 'elementary.log_macro_results', '--args', '{"macro_name": "elementary_cli.get_sources", "macro_args": {}}', '--project-dir', 'C:\\Users\\ravi.kumar\\Desktop\\Project\\dbt_project\\dbt\\Lib\\site-packages\\elementary\\monitor\\dbt_project']' is 1822
2023-12-30 00:38:49 — INFO — Running dbt --log-format json run-operation elementary.log_macro_results --args {"macro_name": "elementary_cli.get_exposures", "macro_args": {}} --project-dir C:\Users\ravi.kumar\Desktop\Project\dbt_project\dbt\Lib\site-packages\elementary\monitor\dbt_project
2023-12-30 00:39:02 — DEBUG — Result bytes size for command '['dbt', '--log-format', 'json', 'run-operation', 'elementary.log_macro_results', '--args', '{"macro_name": "elementary_cli.get_exposures", "macro_args": {}}', '--project-dir', 'C:\\Users\\ravi.kumar\\Desktop\\Project\\dbt_project\\dbt\\Lib\\site-packages\\elementary\\monitor\\dbt_project']' is 1822
2023-12-30 00:39:02 — INFO — Running dbt --log-format json run-operation elementary.log_macro_results --args {"macro_name": "elementary_cli.get_models_runs", "macro_args": {"days_back": 7, "exclude_elementary": true}} --project-dir C:\Users\ravi.kumar\Desktop\Project\dbt_project\dbt\Lib\site-packages\elementary\monitor\dbt_project
2023-12-30 00:39:15 — DEBUG — Result bytes size for command '['dbt', '--log-format', 'json', 'run-operation', 'elementary.log_macro_results', '--args', '{"macro_name": "elementary_cli.get_models_runs", "macro_args": {"days_back": 7, "exclude_elementary": true}}', '--project-dir', 'C:\\Users\\ravi.kumar\\Desktop\\Project\\dbt_project\\dbt\\Lib\\site-packages\\elementary\\monitor\\dbt_project']' is 35192
2023-12-30 00:39:15 — INFO — Running dbt --log-format json run-operation elementary.log_macro_results --args {"macro_name": "elementary_cli.get_dbt_models_test_coverage", "macro_args": {}} --project-dir C:\Users\ravi.kumar\Desktop\Project\dbt_project\dbt\Lib\site-packages\elementary\monitor\dbt_project
2023-12-30 00:39:31 — DEBUG — Result bytes size for command '['dbt', '--log-format', 'json', 'run-operation', 'elementary.log_macro_results', '--args', '{"macro_name": "elementary_cli.get_dbt_models_test_coverage", "macro_args": {}}', '--project-dir', 'C:\\Users\\ravi.kumar\\Desktop\\Project\\dbt_project\\dbt\\Lib\\site-packages\\elementary\\monitor\\dbt_project']' is 2048
2023-12-30 00:39:31 — INFO — Running dbt --log-format json run-operation elementary.log_macro_results --args {"macro_name": "elementary_cli.get_nodes_depends_on_nodes", "macro_args": {"exclude_elementary": true}} --project-dir C:\Users\ravi.kumar\Desktop\Project\dbt_project\dbt\Lib\site-packages\elementary\monitor\dbt_project
2023-12-30 00:39:43 — DEBUG — Result bytes size for command '['dbt', '--log-format', 'json', 'run-operation', 'elementary.log_macro_results', '--args', '{"macro_name": "elementary_cli.get_nodes_depends_on_nodes", "macro_args": {"exclude_elementary": true}}', '--project-dir', 'C:\\Users\\ravi.kumar\\Desktop\\Project\\dbt_project\\dbt\\Lib\\site-packages\\elementary\\monitor\\dbt_project']' is 3725
2023-12-30 00:39:43 — INFO — Running dbt --log-format json run-operation elementary.log_macro_results --args {"macro_name": "elementary_cli.get_models_latest_invocation", "macro_args": {}} --project-dir C:\Users\ravi.kumar\Desktop\Project\dbt_project\dbt\Lib\site-packages\elementary\monitor\dbt_project
2023-12-30 00:39:56 — DEBUG — Result bytes size for command '['dbt', '--log-format', 'json', 'run-operation', 'elementary.log_macro_results', '--args', '{"macro_name": "elementary_cli.get_models_latest_invocation", "macro_args": {}}', '--project-dir', 'C:\\Users\\ravi.kumar\\Desktop\\Project\\dbt_project\\dbt\\Lib\\site-packages\\elementary\\monitor\\dbt_project']' is 10434
2023-12-30 00:39:56 — INFO — Running dbt --log-format json run-operation elementary.log_macro_results --args {"macro_name": "elementary_cli.get_models_latest_invocations_data", "macro_args": {}} --project-dir C:\Users\ravi.kumar\Desktop\Project\dbt_project\dbt\Lib\site-packages\elementary\monitor\dbt_project
2023-12-30 00:40:09 — DEBUG — Result bytes size for command '['dbt', '--log-format', 'json', 'run-operation', 'elementary.log_macro_results', '--args', '{"macro_name": "elementary_cli.get_models_latest_invocations_data", "macro_args": {}}', '--project-dir', 'C:\\Users\\ravi.kumar\\Desktop\\Project\\dbt_project\\dbt\\Lib\\site-packages\\elementary\\monitor\\dbt_project']' is 2244
2023-12-30 00:43:23 — INFO — Running with edr=0.13.2
2023-12-30 00:43:24 — DEBUG — Running dbt --log-format json run-operation elementary.log_macro_results --args {"macro_name": "elementary_cli.get_latest_invocation", "macro_args": {}} --project-dir C:\Users\ravi.kumar\Desktop\Project\dbt_project\dbt\Lib\site-packages\elementary\monitor\dbt_project
2023-12-30 00:43:37 — DEBUG — Result bytes size for command '['dbt', '--log-format', 'json', 'run-operation', 'elementary.log_macro_results', '--args', '{"macro_name": "elementary_cli.get_latest_invocation", "macro_args": {}}', '--project-dir', 'C:\\Users\\ravi.kumar\\Desktop\\Project\\dbt_project\\dbt\\Lib\\site-packages\\elementary\\monitor\\dbt_project']' is 4038
2023-12-30 00:43:37 — DEBUG — Running dbt --log-format json run-operation elementary.log_macro_results --args {"macro_name": "elementary_cli.get_adapter_type_and_unique_id", "macro_args": {}} --project-dir C:\Users\ravi.kumar\Desktop\Project\dbt_project\dbt\Lib\site-packages\elementary\monitor\dbt_project
2023-12-30 00:43:48 — DEBUG — Result bytes size for command '['dbt', '--log-format', 'json', 'run-operation', 'elementary.log_macro_results', '--args', '{"macro_name": "elementary_cli.get_adapter_type_and_unique_id", "macro_args": {}}', '--project-dir', 'C:\\Users\\ravi.kumar\\Desktop\\Project\\dbt_project\\dbt\\Lib\\site-packages\\elementary\\monitor\\dbt_project']' is 1904
2023-12-30 00:43:48 — INFO — edr (0.13.2) and Elementary's dbt package (0.13.1) are compatible.
2023-12-30 00:43:48 — DEBUG — Running dbt --log-format json run-operation elementary.log_macro_results --args {"macro_name": "elementary_cli.get_elementary_database_and_schema", "macro_args": {}} --project-dir C:\Users\ravi.kumar\Desktop\Project\dbt_project\dbt\Lib\site-packages\elementary\monitor\dbt_project
2023-12-30 00:43:59 — DEBUG — Result bytes size for command '['dbt', '--log-format', 'json', 'run-operation', 'elementary.log_macro_results', '--args', '{"macro_name": "elementary_cli.get_elementary_database_and_schema", "macro_args": {}}', '--project-dir', 'C:\\Users\\ravi.kumar\\Desktop\\Project\\dbt_project\\dbt\\Lib\\site-packages\\elementary\\monitor\\dbt_project']' is 1850
2023-12-30 00:43:59 — INFO — Elementary's database and schema: '"DBT_TEST.dbo"'
2023-12-30 00:43:59 — INFO — Running dbt --log-format json run-operation elementary.log_macro_results --args {"macro_name": "elementary_cli.get_test_results", "macro_args": {"days_back": 7, "invocations_per_test": 720, "disable_passed_test_metrics": false}} --project-dir C:\Users\ravi.kumar\Desktop\Project\dbt_project\dbt\Lib\site-packages\elementary\monitor\dbt_project
2023-12-30 00:44:13 — DEBUG — Result bytes size for command '['dbt', '--log-format', 'json', 'run-operation', 'elementary.log_macro_results', '--args', '{"macro_name": "elementary_cli.get_test_results", "macro_args": {"days_back": 7, "invocations_per_test": 720, "disable_passed_test_metrics": false}}', '--project-dir', 'C:\\Users\\ravi.kumar\\Desktop\\Project\\dbt_project\\dbt\\Lib\\site-packages\\elementary\\monitor\\dbt_project']' is 8370
2023-12-30 00:44:13 — INFO — Running dbt --log-format json run-operation elementary.log_macro_results --args {"macro_name": "elementary_cli.get_source_freshness_results", "macro_args": {"days_back": 7, "invocations_per_test": 720}} --project-dir C:\Users\ravi.kumar\Desktop\Project\dbt_project\dbt\Lib\site-packages\elementary\monitor\dbt_project
2023-12-30 00:44:27 — DEBUG — Result bytes size for command '['dbt', '--log-format', 'json', 'run-operation', 'elementary.log_macro_results', '--args', '{"macro_name": "elementary_cli.get_source_freshness_results", "macro_args": {"days_back": 7, "invocations_per_test": 720}}', '--project-dir', 'C:\\Users\\ravi.kumar\\Desktop\\Project\\dbt_project\\dbt\\Lib\\site-packages\\elementary\\monitor\\dbt_project']' is 1822
2023-12-30 00:44:27 — INFO — Running dbt --log-format json run-operation elementary.log_macro_results --args {"macro_name": "elementary_cli.get_models", "macro_args": {"exclude_elementary": true}} --project-dir C:\Users\ravi.kumar\Desktop\Project\dbt_project\dbt\Lib\site-packages\elementary\monitor\dbt_project
2023-12-30 00:44:40 — DEBUG — Result bytes size for command '['dbt', '--log-format', 'json', 'run-operation', 'elementary.log_macro_results', '--args', '{"macro_name": "elementary_cli.get_models", "macro_args": {"exclude_elementary": true}}', '--project-dir', 'C:\\Users\\ravi.kumar\\Desktop\\Project\\dbt_project\\dbt\\Lib\\site-packages\\elementary\\monitor\\dbt_project']' is 8462
2023-12-30 00:44:40 — INFO — Running dbt --log-format json run-operation elementary.log_macro_results --args {"macro_name": "elementary_cli.get_sources", "macro_args": {}} --project-dir C:\Users\ravi.kumar\Desktop\Project\dbt_project\dbt\Lib\site-packages\elementary\monitor\dbt_project
2023-12-30 00:44:53 — DEBUG — Result bytes size for command '['dbt', '--log-format', 'json', 'run-operation', 'elementary.log_macro_results', '--args', '{"macro_name": "elementary_cli.get_sources", "macro_args": {}}', '--project-dir', 'C:\\Users\\ravi.kumar\\Desktop\\Project\\dbt_project\\dbt\\Lib\\site-packages\\elementary\\monitor\\dbt_project']' is 1822
2023-12-30 00:44:53 — INFO — Running dbt --log-format json run-operation elementary.log_macro_results --args {"macro_name": "elementary_cli.get_exposures", "macro_args": {}} --project-dir C:\Users\ravi.kumar\Desktop\Project\dbt_project\dbt\Lib\site-packages\elementary\monitor\dbt_project
2023-12-30 00:45:06 — DEBUG — Result bytes size for command '['dbt', '--log-format', 'json', 'run-operation', 'elementary.log_macro_results', '--args', '{"macro_name": "elementary_cli.get_exposures", "macro_args": {}}', '--project-dir', 'C:\\Users\\ravi.kumar\\Desktop\\Project\\dbt_project\\dbt\\Lib\\site-packages\\elementary\\monitor\\dbt_project']' is 1822
2023-12-30 00:45:06 — INFO — Running dbt --log-format json run-operation elementary.log_macro_results --args {"macro_name": "elementary_cli.get_models_runs", "macro_args": {"days_back": 7, "exclude_elementary": true}} --project-dir C:\Users\ravi.kumar\Desktop\Project\dbt_project\dbt\Lib\site-packages\elementary\monitor\dbt_project
2023-12-30 00:45:21 — DEBUG — Result bytes size for command '['dbt', '--log-format', 'json', 'run-operation', 'elementary.log_macro_results', '--args', '{"macro_name": "elementary_cli.get_models_runs", "macro_args": {"days_back": 7, "exclude_elementary": true}}', '--project-dir', 'C:\\Users\\ravi.kumar\\Desktop\\Project\\dbt_project\\dbt\\Lib\\site-packages\\elementary\\monitor\\dbt_project']' is 35192
2023-12-30 00:45:21 — INFO — Running dbt --log-format json run-operation elementary.log_macro_results --args {"macro_name": "elementary_cli.get_dbt_models_test_coverage", "macro_args": {}} --project-dir C:\Users\ravi.kumar\Desktop\Project\dbt_project\dbt\Lib\site-packages\elementary\monitor\dbt_project
2023-12-30 00:45:34 — DEBUG — Result bytes size for command '['dbt', '--log-format', 'json', 'run-operation', 'elementary.log_macro_results', '--args', '{"macro_name": "elementary_cli.get_dbt_models_test_coverage", "macro_args": {}}', '--project-dir', 'C:\\Users\\ravi.kumar\\Desktop\\Project\\dbt_project\\dbt\\Lib\\site-packages\\elementary\\monitor\\dbt_project']' is 2048
2023-12-30 00:45:34 — INFO — Running dbt --log-format json run-operation elementary.log_macro_results --args {"macro_name": "elementary_cli.get_nodes_depends_on_nodes", "macro_args": {"exclude_elementary": true}} --project-dir C:\Users\ravi.kumar\Desktop\Project\dbt_project\dbt\Lib\site-packages\elementary\monitor\dbt_project
2023-12-30 00:45:47 — DEBUG — Result bytes size for command '['dbt', '--log-format', 'json', 'run-operation', 'elementary.log_macro_results', '--args', '{"macro_name": "elementary_cli.get_nodes_depends_on_nodes", "macro_args": {"exclude_elementary": true}}', '--project-dir', 'C:\\Users\\ravi.kumar\\Desktop\\Project\\dbt_project\\dbt\\Lib\\site-packages\\elementary\\monitor\\dbt_project']' is 3728
2023-12-30 00:45:47 — INFO — Running dbt --log-format json run-operation elementary.log_macro_results --args {"macro_name": "elementary_cli.get_models_latest_invocation", "macro_args": {}} --project-dir C:\Users\ravi.kumar\Desktop\Project\dbt_project\dbt\Lib\site-packages\elementary\monitor\dbt_project
2023-12-30 00:46:01 — DEBUG — Result bytes size for command '['dbt', '--log-format', 'json', 'run-operation', 'elementary.log_macro_results', '--args', '{"macro_name": "elementary_cli.get_models_latest_invocation", "macro_args": {}}', '--project-dir', 'C:\\Users\\ravi.kumar\\Desktop\\Project\\dbt_project\\dbt\\Lib\\site-packages\\elementary\\monitor\\dbt_project']' is 10434
2023-12-30 00:46:01 — INFO — Running dbt --log-format json run-operation elementary.log_macro_results --args {"macro_name": "elementary_cli.get_models_latest_invocations_data", "macro_args": {}} --project-dir C:\Users\ravi.kumar\Desktop\Project\dbt_project\dbt\Lib\site-packages\elementary\monitor\dbt_project
2023-12-30 00:46:13 — DEBUG — Result bytes size for command '['dbt', '--log-format', 'json', 'run-operation', 'elementary.log_macro_results', '--args', '{"macro_name": "elementary_cli.get_models_latest_invocations_data", "macro_args": {}}', '--project-dir', 'C:\\Users\\ravi.kumar\\Desktop\\Project\\dbt_project\\dbt\\Lib\\site-packages\\elementary\\monitor\\dbt_project']' is 2244
